0 info it worked if it ends with ok
1 verbose cli [ '/usr/local/bin/node',
1 verbose cli   '/usr/local/bin/npm',
1 verbose cli   'install',
1 verbose cli   'karma',
1 verbose cli   '-g' ]
2 info using npm@1.4.28
3 info using node@v0.10.32
4 verbose cache add [ 'karma', null ]
5 verbose cache add name=undefined spec="karma" args=["karma",null]
6 verbose parsed url { protocol: null,
6 verbose parsed url   slashes: null,
6 verbose parsed url   auth: null,
6 verbose parsed url   host: null,
6 verbose parsed url   port: null,
6 verbose parsed url   hostname: null,
6 verbose parsed url   hash: null,
6 verbose parsed url   search: null,
6 verbose parsed url   query: null,
6 verbose parsed url   pathname: 'karma',
6 verbose parsed url   path: 'karma',
6 verbose parsed url   href: 'karma' }
7 silly lockFile 512423cb-karma karma
8 verbose lock karma /Users/philipp/.npm/512423cb-karma.lock
9 silly lockFile 512423cb-karma karma
10 silly lockFile 512423cb-karma karma
11 verbose addNamed [ 'karma', '' ]
12 verbose addNamed [ null, '*' ]
13 silly lockFile cd7961bb-karma karma@
14 verbose lock karma@ /Users/philipp/.npm/cd7961bb-karma.lock
15 silly addNameRange { name: 'karma', range: '*', hasData: false }
16 verbose request where is /karma
17 verbose request registry https://registry.npmjs.org/
18 verbose request id 24f5f45232763c3f
19 verbose url raw /karma
20 verbose url resolving [ 'https://registry.npmjs.org/', './karma' ]
21 verbose url resolved https://registry.npmjs.org/karma
22 verbose request where is https://registry.npmjs.org/karma
23 info trying registry request attempt 1 at 13:10:07
24 verbose etag "4PPE2KP2IBTC4Q5ZE8YX3B3U5"
25 http GET https://registry.npmjs.org/karma
26 http 200 https://registry.npmjs.org/karma
27 silly registry.get cb [ 200,
27 silly registry.get   { server: 'CouchDB/1.5.0 (Erlang OTP/R16B03)',
27 silly registry.get     etag: '"ESJG7Y6LJI8WWQ9DQTRJ4LUOI"',
27 silly registry.get     'content-type': 'application/json',
27 silly registry.get     'cache-control': 'max-age=60',
27 silly registry.get     'content-length': '859630',
27 silly registry.get     'accept-ranges': 'bytes',
27 silly registry.get     date: 'Fri, 10 Jul 2015 11:10:07 GMT',
27 silly registry.get     via: '1.1 varnish',
27 silly registry.get     age: '34',
27 silly registry.get     connection: 'keep-alive',
27 silly registry.get     'x-served-by': 'cache-fra1220-FRA',
27 silly registry.get     'x-cache': 'HIT',
27 silly registry.get     'x-cache-hits': '2',
27 silly registry.get     'x-timer': 'S1436526607.649168,VS0,VE0',
27 silly registry.get     vary: 'Accept' } ]
28 silly addNameRange number 2 { name: 'karma', range: '*', hasData: true }
29 silly addNameRange versions [ 'karma',
29 silly addNameRange   [ '0.8.0',
29 silly addNameRange     '0.9.0-dart',
29 silly addNameRange     '0.8.1',
29 silly addNameRange     '0.8.2',
29 silly addNameRange     '0.8.3',
29 silly addNameRange     '0.9.0',
29 silly addNameRange     '0.8.4',
29 silly addNameRange     '0.9.1',
29 silly addNameRange     '0.8.5',
29 silly addNameRange     '0.9.2',
29 silly addNameRange     '0.9.2-dart',
29 silly addNameRange     '0.9.3',
29 silly addNameRange     '0.8.6',
29 silly addNameRange     '0.9.4',
29 silly addNameRange     '0.8.7',
29 silly addNameRange     '0.9.5',
29 silly addNameRange     '0.9.6',
29 silly addNameRange     '0.8.8',
29 silly addNameRange     '0.9.7',
29 silly addNameRange     '0.9.8',
29 silly addNameRange     '0.10.0',
29 silly addNameRange     '0.10.1',
29 silly addNameRange     '0.10.2',
29 silly addNameRange     '0.11.0',
29 silly addNameRange     '0.11.1',
29 silly addNameRange     '0.10.3',
29 silly addNameRange     '0.10.4',
29 silly addNameRange     '0.11.2',
29 silly addNameRange     '0.11.3',
29 silly addNameRange     '0.10.5',
29 silly addNameRange     '0.11.4',
29 silly addNameRange     '0.11.5',
29 silly addNameRange     '0.10.6',
29 silly addNameRange     '0.11.6',
29 silly addNameRange     '0.10.7',
29 silly addNameRange     '0.11.7',
29 silly addNameRange     '0.11.8',
29 silly addNameRange     '0.11.9',
29 silly addNameRange     '0.10.8',
29 silly addNameRange     '0.11.10',
29 silly addNameRange     '0.11.11',
29 silly addNameRange     '0.11.12',
29 silly addNameRange     '0.11.11-dev',
29 silly addNameRange     '0.10.9',
29 silly addNameRange     '0.11.12-dev',
29 silly addNameRange     '0.11.12-dev2',
29 silly addNameRange     '0.11.13',
29 silly addNameRange     '0.11.14',
29 silly addNameRange     '0.12.0',
29 silly addNameRange     '0.10.10',
29 silly addNameRange     '0.12.1',
29 silly addNameRange     '0.12.2',
29 silly addNameRange     '0.12.3',
29 silly addNameRange     '0.12.4',
29 silly addNameRange     '0.12.5',
29 silly addNameRange     '0.12.6',
29 silly addNameRange     '0.12.6-beta-43e6e28',
29 silly addNameRange     '0.12.7',
29 silly addNameRange     '0.12.8',
29 silly addNameRange     '0.12.9',
29 silly addNameRange     '0.12.10',
29 silly addNameRange     '0.12.11',
29 silly addNameRange     '0.12.12',
29 silly addNameRange     '0.12.11-beta-3029418',
29 silly addNameRange     '0.12.13',
29 silly addNameRange     '0.12.14',
29 silly addNameRange     '0.12.15',
29 silly addNameRange     '0.12.16',
29 silly addNameRange     '0.12.16-beta-905422d',
29 silly addNameRange     '0.12.17',
29 silly addNameRange     '0.12.18',
29 silly addNameRange     '0.12.19',
29 silly addNameRange     '0.12.20',
29 silly addNameRange     '0.12.21',
29 silly addNameRange     '0.12.22',
29 silly addNameRange     '0.12.23',
29 silly addNameRange     '0.12.24',
29 silly addNameRange     '0.12.24-beta-6cf7955',
29 silly addNameRange     '0.12.25',
29 silly addNameRange     '0.12.25-beta-37a7958',
29 silly addNameRange     '0.12.25-beta-ad5bc24',
29 silly addNameRange     '0.12.26',
29 silly addNameRange     '0.12.27',
29 silly addNameRange     '0.12.28',
29 silly addNameRange     '0.12.28-beta-b9be580',
29 silly addNameRange     '0.12.29',
29 silly addNameRange     '0.12.30',
29 silly addNameRange     '0.12.31',
29 silly addNameRange     '0.12.28-beta-f65c864',
29 silly addNameRange     '0.12.24-dev-test',
29 silly addNameRange     '0.12.24-dev-socketio10',
29 silly addNameRange     '0.12.24-dev-socketio10-2',
29 silly addNameRange     '0.12.32-beta.0',
29 silly addNameRange     '0.12.32',
29 silly addNameRange     '0.13.0-rc.0',
29 silly addNameRange     '0.12.33',
29 silly addNameRange     '0.13.0-rc.1',
29 silly addNameRange     '0.12.34',
29 silly addNameRange     '0.13.0-rc.2',
29 silly addNameRange     '0.12.35',
29 silly addNameRange     '0.13.0-rc.3',
29 silly addNameRange     '0.12.36',
29 silly addNameRange     '0.13.0-rc.4',
29 silly addNameRange     '0.12.37',
29 silly addNameRange     '0.13.0-rc.5',
29 silly addNameRange     '0.13.0-rc.6',
29 silly addNameRange     '0.13.0-rc.7',
29 silly addNameRange     '0.13.0-rc.8' ] ]
30 verbose addNamed [ 'karma', '0.12.37' ]
31 verbose addNamed [ '0.12.37', '0.12.37' ]
32 silly lockFile 43ccbf2f-karma-0-12-37 karma@0.12.37
33 verbose lock karma@0.12.37 /Users/philipp/.npm/43ccbf2f-karma-0-12-37.lock
34 silly lockFile f54763d2-pmjs-org-karma-karma-0-12-37-tgz https://registry.npmjs.org/karma/-/karma-0.12.37.tgz
35 verbose lock https://registry.npmjs.org/karma/-/karma-0.12.37.tgz /Users/philipp/.npm/f54763d2-pmjs-org-karma-karma-0-12-37-tgz.lock
36 verbose addRemoteTarball [ 'https://registry.npmjs.org/karma/-/karma-0.12.37.tgz',
36 verbose addRemoteTarball   '1a9f7fdeccd69de2e835e04edbac2ecd3fa645e4' ]
37 info retry fetch attempt 1 at 13:10:07
38 verbose fetch to= /var/folders/s9/dw6nzkh926x8fp_hqmf5w4740000gn/T/npm-35288-Gi0VdGrQ/registry.npmjs.org/karma/-/karma-0.12.37.tgz
39 http GET https://registry.npmjs.org/karma/-/karma-0.12.37.tgz
40 http 200 https://registry.npmjs.org/karma/-/karma-0.12.37.tgz
41 silly lockFile f54763d2-pmjs-org-karma-karma-0-12-37-tgz https://registry.npmjs.org/karma/-/karma-0.12.37.tgz
42 silly lockFile f54763d2-pmjs-org-karma-karma-0-12-37-tgz https://registry.npmjs.org/karma/-/karma-0.12.37.tgz
43 silly lockFile 43ccbf2f-karma-0-12-37 karma@0.12.37
44 silly lockFile 43ccbf2f-karma-0-12-37 karma@0.12.37
45 silly lockFile cd7961bb-karma karma@
46 silly lockFile cd7961bb-karma karma@
47 silly resolved [ { name: 'karma',
47 silly resolved     description: 'Spectacular Test Runner for JavaScript.',
47 silly resolved     homepage: 'http://karma-runner.github.io/',
47 silly resolved     repository: { type: 'git', url: 'git://github.com/karma-runner/karma.git' },
47 silly resolved     bugs: { url: 'https://github.com/karma-runner/karma/issues' },
47 silly resolved     keywords:
47 silly resolved      [ 'karma',
47 silly resolved        'spectacular',
47 silly resolved        'runner',
47 silly resolved        'karma',
47 silly resolved        'js',
47 silly resolved        'javascript',
47 silly resolved        'testing',
47 silly resolved        'test',
47 silly resolved        'remote',
47 silly resolved        'execution' ],
47 silly resolved     author: { name: 'Vojta Jína', email: 'vojta.jina@gmail.com' },
47 silly resolved     contributors:
47 silly resolved      [ [Object],
47 silly resolved        [Object],
47 silly resolved        [Object],
47 silly resolved        [Object],
47 silly resolved        [Object],
47 silly resolved        [Object],
47 silly resolved        [Object],
47 silly resolved        [Object],
47 silly resolved        [Object],
47 silly resolved        [Object],
47 silly resolved        [Object],
47 silly resolved        [Object],
47 silly resolved        [Object],
47 silly resolved        [Object],
47 silly resolved        [Object],
47 silly resolved        [Object],
47 silly resolved        [Object],
47 silly resolved        [Object],
47 silly resolved        [Object],
47 silly resolved        [Object],
47 silly resolved        [Object],
47 silly resolved        [Object],
47 silly resolved        [Object],
47 silly resolved        [Object],
47 silly resolved        [Object],
47 silly resolved        [Object],
47 silly resolved        [Object],
47 silly resolved        [Object],
47 silly resolved        [Object],
47 silly resolved        [Object],
47 silly resolved        [Object],
47 silly resolved        [Object],
47 silly resolved        [Object],
47 silly resolved        [Object],
47 silly resolved        [Object],
47 silly resolved        [Object],
47 silly resolved        [Object],
47 silly resolved        [Object],
47 silly resolved        [Object],
47 silly resolved        [Object],
47 silly resolved        [Object],
47 silly resolved        [Object],
47 silly resolved        [Object],
47 silly resolved        [Object],
47 silly resolved        [Object],
47 silly resolved        [Object],
47 silly resolved        [Object],
47 silly resolved        [Object],
47 silly resolved        [Object],
47 silly resolved        [Object],
47 silly resolved        [Object],
47 silly resolved        [Object],
47 silly resolved        [Object],
47 silly resolved        [Object],
47 silly resolved        [Object],
47 silly resolved        [Object],
47 silly resolved        [Object],
47 silly resolved        [Object],
47 silly resolved        [Object],
47 silly resolved        [Object],
47 silly resolved        [Object],
47 silly resolved        [Object],
47 silly resolved        [Object],
47 silly resolved        [Object],
47 silly resolved        [Object],
47 silly resolved        [Object],
47 silly resolved        [Object],
47 silly resolved        [Object],
47 silly resolved        [Object],
47 silly resolved        [Object],
47 silly resolved        [Object],
47 silly resolved        [Object],
47 silly resolved        [Object],
47 silly resolved        [Object],
47 silly resolved        [Object],
47 silly resolved        [Object],
47 silly resolved        [Object],
47 silly resolved        [Object],
47 silly resolved        [Object],
47 silly resolved        [Object],
47 silly resolved        [Object],
47 silly resolved        [Object],
47 silly resolved        [Object],
47 silly resolved        [Object],
47 silly resolved        [Object],
47 silly resolved        [Object],
47 silly resolved        [Object],
47 silly resolved        [Object],
47 silly resolved        [Object],
47 silly resolved        [Object],
47 silly resolved        [Object],
47 silly resolved        [Object],
47 silly resolved        [Object],
47 silly resolved        [Object],
47 silly resolved        [Object],
47 silly resolved        [Object],
47 silly resolved        [Object],
47 silly resolved        [Object],
47 silly resolved        [Object],
47 silly resolved        [Object],
47 silly resolved        [Object],
47 silly resolved        [Object],
47 silly resolved        [Object],
47 silly resolved        [Object],
47 silly resolved        [Object],
47 silly resolved        [Object],
47 silly resolved        [Object],
47 silly resolved        [Object],
47 silly resolved        [Object],
47 silly resolved        [Object],
47 silly resolved        [Object],
47 silly resolved        [Object],
47 silly resolved        [Object],
47 silly resolved        [Object],
47 silly resolved        [Object],
47 silly resolved        [Object],
47 silly resolved        [Object],
47 silly resolved        [Object],
47 silly resolved        [Object],
47 silly resolved        [Object],
47 silly resolved        [Object],
47 silly resolved        [Object],
47 silly resolved        [Object],
47 silly resolved        [Object],
47 silly resolved        [Object],
47 silly resolved        [Object],
47 silly resolved        [Object],
47 silly resolved        [Object],
47 silly resolved        [Object],
47 silly resolved        [Object],
47 silly resolved        [Object],
47 silly resolved        [Object],
47 silly resolved        [Object],
47 silly resolved        [Object],
47 silly resolved        [Object],
47 silly resolved        [Object],
47 silly resolved        [Object],
47 silly resolved        [Object],
47 silly resolved        [Object],
47 silly resolved        [Object],
47 silly resolved        [Object],
47 silly resolved        [Object],
47 silly resolved        [Object],
47 silly resolved        [Object],
47 silly resolved        [Object],
47 silly resolved        [Object],
47 silly resolved        [Object],
47 silly resolved        [Object],
47 silly resolved        [Object],
47 silly resolved        [Object],
47 silly resolved        [Object],
47 silly resolved        [Object],
47 silly resolved        [Object],
47 silly resolved        [Object],
47 silly resolved        [Object],
47 silly resolved        [Object],
47 silly resolved        [Object],
47 silly resolved        [Object],
47 silly resolved        [Object],
47 silly resolved        [Object],
47 silly resolved        [Object],
47 silly resolved        [Object],
47 silly resolved        [Object],
47 silly resolved        [Object],
47 silly resolved        [Object],
47 silly resolved        [Object],
47 silly resolved        [Object],
47 silly resolved        [Object],
47 silly resolved        [Object],
47 silly resolved        [Object],
47 silly resolved        [Object],
47 silly resolved        [Object],
47 silly resolved        [Object] ],
47 silly resolved     dependencies:
47 silly resolved      { chokidar: '^1.0.1',
47 silly resolved        colors: '^1.1.0',
47 silly resolved        connect: '^2.29.2',
47 silly resolved        di: '^0.0.1',
47 silly resolved        glob: '^5.0.6',
47 silly resolved        'graceful-fs': '^3.0.6',
47 silly resolved        'http-proxy': '^0.10',
47 silly resolved        lodash: '^3.8.0',
47 silly resolved        log4js: '^0.6.25',
47 silly resolved        mime: '^1.3.4',
47 silly resolved        minimatch: '^2.0.7',
47 silly resolved        optimist: '^0.6.1',
47 silly resolved        q: '^1.4.1',
47 silly resolved        rimraf: '^2.3.3',
47 silly resolved        'socket.io': '0.9.16',
47 silly resolved        'source-map': '^0.4.2',
47 silly resolved        useragent: '^2.1.6' },
47 silly resolved     devDependencies:
47 silly resolved      { LiveScript: '^1.3.0',
47 silly resolved        chai: '^2.3.0',
47 silly resolved        'chai-as-promised': '^5.0.0',
47 silly resolved        'coffee-errors': '^0.8.6',
47 silly resolved        'coffee-script': '^1.9.2',
47 silly resolved        cucumber: '^0.4.7',
47 silly resolved        eslint: '^0.22.1',
47 silly resolved        'eslint-config-standard': '^2.0.1',
47 silly resolved        'eslint-plugin-react': '^2.5.0',
47 silly resolved        grunt: '^0.4',
47 silly resolved        'grunt-auto-release': '^0.0.6',
47 silly resolved        'grunt-browserify': '^3.8.0',
47 silly resolved        'grunt-bump': '^0.3.1',
47 silly resolved        'grunt-coffeelint': '^0.0.13',
47 silly resolved        'grunt-contrib-watch': '^0.6.1',
47 silly resolved        'grunt-conventional-changelog': '^1.2.2',
47 silly resolved        'grunt-cucumberjs': '^0.7.0',
47 silly resolved        'grunt-eslint': '^14.0.0',
47 silly resolved        'grunt-mocha-test': '^0.12.7',
47 silly resolved        'grunt-npm': '0.0.2',
47 silly resolved        'karma-browserstack-launcher': '*',
47 silly resolved        'karma-chrome-launcher': '*',
47 silly resolved        'karma-coffee-preprocessor': '*',
47 silly resolved        'karma-commonjs': '*',
47 silly resolved        'karma-coverage': '*',
47 silly resolved        'karma-firefox-launcher': '*',
47 silly resolved        'karma-growl-reporter': '*',
47 silly resolved        'karma-html2js-preprocessor': '*',
47 silly resolved        'karma-jasmine': '^0.1.5',
47 silly resolved        'karma-junit-reporter': '*',
47 silly resolved        'karma-live-preprocessor': '*',
47 silly resolved        'karma-mocha': '*',
47 silly resolved        'karma-ng-scenario': '*',
47 silly resolved        'karma-phantomjs-launcher': '*',
47 silly resolved        'karma-qunit': '*',
47 silly resolved        'karma-requirejs': '*',
47 silly resolved        'karma-sauce-launcher': '*',
47 silly resolved        'karma-script-launcher': '^0.1.0',
47 silly resolved        'load-grunt-tasks': '^3.1.0',
47 silly resolved        mkdirp: '^0.5.0',
47 silly resolved        mocha: '^2.2.5',
47 silly resolved        mocks: '^0.0.15',
47 silly resolved        sinon: '^1.14.1',
47 silly resolved        'sinon-chai': '^2.7.0',
47 silly resolved        'timer-shim': '^0.3.0',
47 silly resolved        which: '^1.1.1' },
47 silly resolved     main: './lib/index',
47 silly resolved     bin: { karma: './bin/karma' },
47 silly resolved     engines: { node: '>=0.8 <=0.12 || >=1 <=2' },
47 silly resolved     version: '0.12.37',
47 silly resolved     license: 'MIT',
47 silly resolved     gitHead: 'e72e106a9790092b9b746548cb6221cb76c41013',
47 silly resolved     _id: 'karma@0.12.37',
47 silly resolved     scripts: {},
47 silly resolved     _shasum: '1a9f7fdeccd69de2e835e04edbac2ecd3fa645e4',
47 silly resolved     _from: 'karma@',
47 silly resolved     _npmVersion: '2.11.2',
47 silly resolved     _nodeVersion: '0.10.38',
47 silly resolved     _npmUser: { name: 'dignifiedquire', email: 'dignifiedquire@gmail.com' },
47 silly resolved     dist:
47 silly resolved      { shasum: '1a9f7fdeccd69de2e835e04edbac2ecd3fa645e4',
47 silly resolved        tarball: 'http://registry.npmjs.org/karma/-/karma-0.12.37.tgz' },
47 silly resolved     maintainers: [ [Object], [Object], [Object], [Object] ],
47 silly resolved     directories: {},
47 silly resolved     _resolved: 'https://registry.npmjs.org/karma/-/karma-0.12.37.tgz' } ]
48 info install karma@0.12.37 into /usr/local/lib
49 info installOne karma@0.12.37
50 verbose lib/node_modules/karma unbuild
51 verbose tar unpack /Users/philipp/.npm/karma/0.12.37/package.tgz
52 silly lockFile 17d8f24c-usr-local-lib-node-modules-karma tar:///usr/local/lib/node_modules/karma
53 verbose lock tar:///usr/local/lib/node_modules/karma /Users/philipp/.npm/17d8f24c-usr-local-lib-node-modules-karma.lock
54 silly lockFile a1e719a6-pp-npm-karma-0-12-37-package-tgz tar:///Users/philipp/.npm/karma/0.12.37/package.tgz
55 verbose lock tar:///Users/philipp/.npm/karma/0.12.37/package.tgz /Users/philipp/.npm/a1e719a6-pp-npm-karma-0-12-37-package-tgz.lock
56 silly gunzTarPerm modes [ '755', '644' ]
57 error Error: EACCES, mkdir '/usr/local/lib/node_modules/karma'
57 error  { [Error: EACCES, mkdir '/usr/local/lib/node_modules/karma']
57 error   errno: 3,
57 error   code: 'EACCES',
57 error   path: '/usr/local/lib/node_modules/karma',
57 error   fstream_type: 'Directory',
57 error   fstream_path: '/usr/local/lib/node_modules/karma',
57 error   fstream_class: 'DirWriter',
57 error   fstream_stack:
57 error    [ '/usr/local/lib/node_modules/npm/node_modules/fstream/lib/dir-writer.js:36:23',
57 error      '/usr/local/lib/node_modules/npm/node_modules/mkdirp/index.js:46:53',
57 error      'Object.oncomplete (fs.js:107:15)' ] }
58 error Please try running this command again as root/Administrator.
59 error System Darwin 14.4.0
60 error command "/usr/local/bin/node" "/usr/local/bin/npm" "install" "karma" "-g"
61 error cwd /Users/philipp/Workspace/zerodine/angular-restclient
62 error node -v v0.10.32
63 error npm -v 1.4.28
64 error path /usr/local/lib/node_modules/karma
65 error fstream_path /usr/local/lib/node_modules/karma
66 error fstream_type Directory
67 error fstream_class DirWriter
68 error code EACCES
69 error errno 3
70 error stack Error: EACCES, mkdir '/usr/local/lib/node_modules/karma'
71 error fstream_stack /usr/local/lib/node_modules/npm/node_modules/fstream/lib/dir-writer.js:36:23
71 error fstream_stack /usr/local/lib/node_modules/npm/node_modules/mkdirp/index.js:46:53
71 error fstream_stack Object.oncomplete (fs.js:107:15)
72 verbose exit [ 3, true ]
